current directory: /Users/kristinakeranova/Desktop/Ecommerce-site/''/gems/nokogiri-1.10.9/ext/nokogiri
/System/Library/Frameworks/Ruby.framework/Versions/2.3/usr/bin/ruby -r ./siteconf20200521-3914-15oh3dd.rb extconf.rb
checking if the C compiler accepts  -I /Library/Developer/CommandLineTools/SDKs/MacOSX.sdk/usr/include/libxml2... yes
checking if the C compiler accepts -Wno-error=unused-command-line-argument-hard-error-in-future... no
Building nokogiri using packaged libraries.
*** extconf.rb failed ***
Could not create Makefile due to some reason, probably lack of necessary
libraries and/or headers.  Check the mkmf.log file for more details.  You may
need configuration options.

Provided configuration options:
	--with-opt-dir
	--without-opt-dir
	--with-opt-include
	--without-opt-include=${opt-dir}/include
	--with-opt-lib
	--without-opt-lib=${opt-dir}/lib
	--with-make-prog
	--without-make-prog
	--srcdir=.
	--curdir
	--ruby=/System/Library/Frameworks/Ruby.framework/Versions/2.3/usr/bin/$(RUBY_BASE_NAME)
	--help
	--clean
	--use-system-libraries
/System/Library/Frameworks/Ruby.framework/Versions/2.3/usr/lib/ruby/2.3.0/rubygems/dependency.rb:319:in `to_specs': Could not find 'mini_portile2' (~> 2.4.0) among 15 total gem(s) (Gem::LoadError)
Checked in 'GEM_PATH=/Users/kristinakeranova/.gem/ruby/2.3.0:/Library/Ruby/Gems/2.3.0:'':/System/Library/Frameworks/Ruby.framework/Versions/2.3/usr/lib/ruby/gems/2.3.0', execute `gem env` for more information
	from /System/Library/Frameworks/Ruby.framework/Versions/2.3/usr/lib/ruby/2.3.0/rubygems/dependency.rb:328:in `to_spec'
	from /System/Library/Frameworks/Ruby.framework/Versions/2.3/usr/lib/ruby/2.3.0/rubygems/core_ext/kernel_gem.rb:65:in `gem'
	from extconf.rb:469:in `<main>'

To see why this extension failed to compile, please check the mkmf.log which can be found here:

  /Users/kristinakeranova/Desktop/Ecommerce-site/''/extensions/universal-darwin-17/2.3.0/nokogiri-1.10.9/mkmf.log

extconf failed, exit code 1
