current directory: /Users/kristinakeranova/Desktop/Ecommerce-site/''/gems/jaro_winkler-1.5.4/ext/jaro_winkler
/System/Library/Frameworks/Ruby.framework/Versions/2.3/usr/bin/ruby -r ./siteconf20200521-3914-yau9wq.rb extconf.rb
creating Makefile

current directory: /Users/kristinakeranova/Desktop/Ecommerce-site/''/gems/jaro_winkler-1.5.4/ext/jaro_winkler
make "DESTDIR=" clean

current directory: /Users/kristinakeranova/Desktop/Ecommerce-site/''/gems/jaro_winkler-1.5.4/ext/jaro_winkler
make "DESTDIR="
compiling adj_matrix.c
compiling codepoints.c
compiling jaro.c
compiling jaro_winkler.c
linking shared-object jaro_winkler/jaro_winkler_ext.bundle
ld: warning: directory not found for option '-L/BuildRoot/Applications/Xcode.app/Contents/Developer/Platforms/MacOSX.platform/Developer/SDKs/MacOSX10.13.Internal.sdk/usr/local/libressl/lib'
ld: warning: directory not found for option '-L/BuildRoot/Applications/Xcode.app/Contents/Developer/Platforms/MacOSX.platform/Developer/SDKs/MacOSX10.13.Internal.sdk/usr/local/lib'
ld: warning: text-based stub file /System/Library/Frameworks/Ruby.framework/Versions/2.3/usr/lib/libruby.2.3.0.tbd and library file /System/Library/Frameworks/Ruby.framework/Versions/2.3/usr/lib/libruby.2.3.0.dylib are out of sync. Falling back to library file for linking.
ld: warning: directory not found for option '-L/BuildRoot/Applications/Xcode.app/Contents/Developer/Platforms/MacOSX.platform/Developer/SDKs/MacOSX10.13.Internal.sdk/usr/local/libressl/lib'
ld: warning: directory not found for option '-L/BuildRoot/Applications/Xcode.app/Contents/Developer/Platforms/MacOSX.platform/Developer/SDKs/MacOSX10.13.Internal.sdk/usr/local/lib'
ld: warning: text-based stub file /System/Library/Frameworks/Ruby.framework/Versions/2.3/usr/lib/libruby.2.3.0.tbd and library file /System/Library/Frameworks/Ruby.framework/Versions/2.3/usr/lib/libruby.2.3.0.dylib are out of sync. Falling back to library file for linking.
ld: warning: The i386 architecture is deprecated for macOS (remove from the Xcode build setting: ARCHS)

current directory: /Users/kristinakeranova/Desktop/Ecommerce-site/''/gems/jaro_winkler-1.5.4/ext/jaro_winkler
make "DESTDIR=" install
/usr/bin/install -c -m 0755 jaro_winkler_ext.bundle ./.gem.20200521-3914-g6e79k/jaro_winkler
